2023-05-07 21:16:38.491110 [info] : ========== Server init ==========
2023-05-07 21:16:38.491163 [info] : Port:1206, OpenLinger: false
2023-05-07 21:16:38.491171 [info] : Listen Mode: ET, OpenConn Mode: ET
2023-05-07 21:16:38.491175 [info] : LogSys level: 1
2023-05-07 21:16:38.491179 [info] : srcDir: /home/lpc/cppcode/cppserver/resources/
2023-05-07 21:16:38.491183 [info] : SqlConnPool num: 16, ThreadPool num: 4
2023-05-07 21:16:38.491187 [info] : ========== Server start ==========
2023-05-07 21:18:16.785292 [info] : Client[23](127.0.0.1:14990) in, use_count:1
2023-05-07 21:20:21.349284 [info] : ========== Server init ==========
2023-05-07 21:20:21.349352 [info] : Port:1206, OpenLinger: false
2023-05-07 21:20:21.349363 [info] : Listen Mode: ET, OpenConn Mode: ET
2023-05-07 21:20:21.349369 [info] : LogSys level: 1
2023-05-07 21:20:21.349375 [info] : srcDir: /home/lpc/cppcode/cppserver/resources/
2023-05-07 21:20:21.349380 [info] : SqlConnPool num: 16, ThreadPool num: 4
2023-05-07 21:20:21.349385 [info] : ========== Server start ==========
2023-05-07 21:21:24.071084 [info] : Client[23](127.0.0.1:5784) in, use_count:1
2023-05-07 23:43:25.436175 [info] : ========== Server init ==========
2023-05-07 23:43:53.708486 [info] : Port:1206, OpenLinger: false
2023-05-07 23:43:55.274502 [info] : Listen Mode: ET, OpenConn Mode: ET
2023-05-07 23:43:57.811941 [info] : LogSys level: 1
2023-05-07 23:43:59.533952 [info] : srcDir: /home/lpc/cppcode/cppserver/resources/
2023-05-07 23:44:00.623934 [info] : SqlConnPool num: 16, ThreadPool num: 4
2023-05-07 23:44:01.564469 [info] : ========== Server start ==========
2023-05-07 23:45:08.048939 [info] : Client[23](127.0.0.1:47844) in, use_count:1
2023-05-07 23:46:20.384950 [info] : Client[23] in!
2023-05-07 23:48:39.926389 [info] : Client[24](127.0.0.1:6821) in, use_count:2
2023-05-07 23:52:01.621386 [info] : ========== Server init ==========
2023-05-07 23:52:01.621496 [info] : Port:1206, OpenLinger: false
2023-05-07 23:52:01.621511 [info] : Listen Mode: ET, OpenConn Mode: ET
2023-05-07 23:52:01.621518 [info] : LogSys level: 1
2023-05-07 23:52:01.621526 [info] : srcDir: /home/lpc/cppcode/cppserver/resources/
2023-05-07 23:52:01.621533 [info] : SqlConnPool num: 16, ThreadPool num: 4
2023-05-07 23:52:01.621539 [info] : ========== Server start ==========
2023-05-07 23:52:03.592290 [info] : Client[23](127.0.0.1:62121) in, use_count:1
2023-05-07 23:52:03.592517 [info] : Client[23] in!
2023-05-07 23:52:09.622013 [info] : Client[23] quit!
2023-05-07 23:53:47.459677 [info] : ========== Server init ==========
2023-05-07 23:53:47.459761 [info] : Port:1206, OpenLinger: false
2023-05-07 23:53:47.459776 [info] : Listen Mode: ET, OpenConn Mode: ET
2023-05-07 23:53:47.459787 [info] : LogSys level: 1
2023-05-07 23:53:47.459795 [info] : srcDir: /home/lpc/cppcode/cppserver/resources/
2023-05-07 23:53:47.459801 [info] : SqlConnPool num: 16, ThreadPool num: 4
2023-05-07 23:53:47.459808 [info] : ========== Server start ==========
2023-05-07 23:53:49.848129 [info] : Client[23](127.0.0.1:5811) in, use_count:1
2023-05-07 23:53:49.848304 [info] : Client[23] in!
2023-05-07 23:53:55.874685 [info] : Client[23] quit!
